<?xml version="1.0" encoding="UTF-8"?>
<testng-results ignored="0" total="1" passed="1" failed="0" skipped="0">
  <reporter-output>
  </reporter-output>
  <suite started-at="2022-04-20T13:01:27 PDT" name="Suite" finished-at="2022-04-20T13:01:34 PDT" duration-ms="7517">
    <groups>
    </groups>
    <test started-at="2022-04-20T13:01:27 PDT" name="Test" finished-at="2022-04-20T13:01:34 PDT" duration-ms="7517">
      <class name="com.spiceJet.Tests.VerifyLoginTest">
        <test-method is-config="true" signature="setUp()[pri:0, instance:com.spiceJet.Tests.VerifyLoginTest@4ac3c60d]" started-at="2022-04-20T13:01:27 PDT" name="setUp" finished-at="2022-04-20T13:01:34 PDT" duration-ms="6854" status="PASS">
          <reporter-output>
          </reporter-output>
        </test-method> <!-- setUp -->
        <test-method signature="validateLoginPage()[pri:0, instance:com.spiceJet.Tests.VerifyLoginTest@4ac3c60d]" started-at="2022-04-20T13:01:34 PDT" name="validateLoginPage" finished-at="2022-04-20T13:01:34 PDT" duration-ms="17" status="PASS">
          <reporter-output>
          </reporter-output>
        </test-method> <!-- validateLoginPage -->
        <test-method is-config="true" signature="tearDown()[pri:0, instance:com.spiceJet.Tests.VerifyLoginTest@4ac3c60d]" started-at="2022-04-20T13:01:34 PDT" name="tearDown" finished-at="2022-04-20T13:01:34 PDT" duration-ms="613" status="PASS">
          <reporter-output>
          </reporter-output>
        </test-method> <!-- tearDown -->
      </class> <!-- com.spiceJet.Tests.VerifyLoginTest -->
    </test> <!-- Test -->
  </suite> <!-- Suite -->
</testng-results>
